Content-Type: text/plain; charset="utf-8"
MIME-Version: 1.0
Content-Transfer-Encoding: 8bit
Subject: Password reset on 127.0.0.1:8000
From: webmaster@localhost
To: rayfi.vv@gmail.com
Date: Sun, 16 Feb 2020 11:05:12 -0000
Message-ID: <158185111242.6672.13651727489163481979@ray-Aspire-E5-576G>

Для сброса пароля rayfi.vv@gmail.com. Следуете к инструкциям
http://127.0.0.1:8000/accounts/reset/Mg/5e1-c4e5d914c463ae16656b/
-------------------------------------------------------------------------------
Content-Type: text/plain; charset="utf-8"
MIME-Version: 1.0
Content-Transfer-Encoding: 8bit
Subject: Password reset on 127.0.0.1:8000
From: webmaster@localhost
To: rayfi.vv@gmail.com
Date: Sun, 16 Feb 2020 11:05:12 -0000
Message-ID: <158185111242.6672.7787571076439381407@ray-Aspire-E5-576G>

Для сброса пароля rayfi.vv@gmail.com. Следуете к инструкциям
http://127.0.0.1:8000/accounts/reset/Mw/5e1-4470b51e981607fd209d/
-------------------------------------------------------------------------------
